SF:lib/controller/gamification_controller.dart
DA:13,16
DA:15,8
DA:23,16
DA:26,0
DA:28,8
DA:29,8
DA:30,8
DA:31,8
DA:36,8
DA:37,8
DA:38,5
DA:39,3
DA:45,5
DA:46,5
DA:49,8
DA:50,8
DA:52,8
DA:53,24
DA:54,16
DA:55,8
DA:56,8
DA:57,8
DA:58,16
DA:61,0
DA:62,0
DA:63,0
DA:66,8
DA:70,8
DA:75,26
DA:76,16
DA:79,8
DA:80,24
DA:84,16
DA:86,8
DA:87,16
DA:90,16
DA:95,8
DA:97,5
DA:103,1
DA:108,3
DA:115,10
DA:116,6
DA:119,3
DA:120,6
DA:121,3
DA:122,3
DA:123,3
DA:125,9
DA:128,6
DA:134,6
DA:135,3
DA:136,3
DA:139,0
DA:144,5
DA:150,12
DA:151,10
DA:153,5
DA:154,10
DA:155,15
DA:157,10
DA:162,10
DA:163,5
DA:164,5
DA:167,0
DA:173,8
DA:177,8
DA:178,10
DA:179,8
DA:180,16
DA:182,8
DA:184,5
DA:185,15
DA:186,8
DA:187,4
DA:189,1
DA:190,16
DA:191,8
DA:196,1
DA:200,8
DA:201,40
DA:202,4
DA:203,2
DA:204,2
DA:206,6
DA:208,4
LF:85
LH:79
end_of_record
SF:lib/data/model/progress_card/user_progress.dart
DA:47,12
DA:64,10
DA:79,10
DA:80,10
DA:81,9
DA:82,9
DA:83,10
DA:84,10
DA:85,10
DA:86,20
DA:87,20
DA:88,20
DA:89,20
DA:90,20
DA:91,20
DA:92,20
LF:16
LH:16
end_of_record
SF:lib/data/model/progress_card/user_progress.g.dart
DA:13,0
DA:15,0
DA:16,0
DA:17,0
DA:19,0
DA:20,0
DA:21,0
DA:22,0
DA:23,0
DA:24,0
DA:25,0
DA:26,0
DA:27,0
DA:28,0
DA:29,0
DA:30,0
DA:31,0
DA:32,0
DA:36,0
DA:39,0
DA:40,0
DA:41,0
DA:42,0
DA:43,0
DA:44,0
DA:45,0
DA:46,0
DA:47,0
DA:48,0
DA:49,0
DA:50,0
DA:51,0
DA:52,0
DA:53,0
DA:54,0
DA:55,0
DA:56,0
DA:57,0
DA:58,0
DA:59,0
DA:60,0
DA:61,0
DA:62,0
DA:63,0
DA:64,0
DA:65,0
DA:68,0
DA:69,0
DA:71,0
DA:74,0
DA:75,0
DA:76,0
LF:52
LH:0
end_of_record
SF:lib/providers/gamification_provider.dart
DA:8,16
DA:9,4
DA:12,0
DA:13,0
DA:19,0
DA:21,0
DA:29,0
DA:30,0
DA:31,0
DA:33,0
DA:34,0
DA:42,0
DA:43,0
DA:44,0
LF:14
LH:2
end_of_record
SF:lib/providers/progress_provider.dart
DA:6,15
DA:8,16
DA:9,8
DA:10,4
DA:13,8
DA:14,8
DA:15,4
DA:21,12
DA:22,4
DA:25,4
DA:26,12
DA:27,8
DA:30,0
DA:31,0
DA:32,0
DA:35,0
DA:36,0
DA:37,0
DA:40,0
DA:41,0
DA:42,0
LF:21
LH:12
end_of_record
SF:lib/data/repository/database_Helper.dart
DA:11,0
DA:32,0
DA:33,0
DA:35,0
DA:39,0
DA:40,0
DA:41,0
DA:42,0
DA:43,0
DA:45,0
DA:48,0
DA:50,0
DA:51,0
DA:55,0
DA:57,0
DA:59,0
DA:60,0
DA:61,0
DA:62,0
DA:63,0
DA:66,0
DA:67,0
DA:69,0
DA:70,0
DA:72,0
DA:74,0
DA:78,0
DA:81,0
DA:83,0
DA:84,0
DA:88,0
DA:90,0
DA:93,0
DA:96,0
DA:97,0
DA:99,0
DA:100,0
DA:104,0
DA:107,0
DA:108,0
DA:110,0
DA:111,0
DA:115,0
DA:118,0
DA:119,0
DA:120,0
DA:121,0
DA:122,0
DA:124,0
DA:126,0
DA:128,0
DA:129,0
DA:131,0
DA:135,0
DA:137,0
DA:140,0
DA:143,0
DA:144,0
DA:145,0
DA:147,0
DA:148,0
DA:152,0
DA:155,0
DA:157,0
DA:158,0
DA:162,0
DA:165,0
DA:166,0
DA:168,0
DA:169,0
DA:173,0
DA:176,0
DA:177,0
DA:179,0
DA:180,0
DA:184,0
DA:187,0
DA:188,0
DA:189,0
DA:190,0
DA:193,0
DA:195,0
DA:196,0
DA:200,0
DA:203,0
DA:204,0
DA:206,0
DA:207,0
LF:88
LH:0
end_of_record
SF:lib/data/model/mood/mood_entry.g.dart
DA:13,0
DA:15,0
DA:16,0
DA:17,0
DA:19,0
DA:20,0
DA:21,0
DA:25,0
DA:28,0
DA:29,0
DA:30,0
DA:31,0
DA:32,0
DA:33,0
DA:34,0
DA:37,0
DA:38,0
DA:40,0
DA:43,0
DA:44,0
DA:45,0
LF:21
LH:0
end_of_record
SF:lib/data/model/mood/mood_entry.dart
DA:17,2
DA:20,2
DA:23,0
DA:27,0
DA:28,0
DA:29,0
LF:6
LH:2
end_of_record
SF:lib/data/model/journal/journal_entry.dart
DA:29,2
DA:40,0
DA:49,0
DA:50,0
DA:51,0
DA:52,0
DA:53,0
DA:54,0
DA:55,0
DA:56,0
LF:10
LH:1
end_of_record
SF:lib/data/model/journal/journal_entry.g.dart
DA:13,0
DA:15,0
DA:16,0
DA:17,0
DA:19,0
DA:20,0
DA:21,0
DA:22,0
DA:23,0
DA:24,0
DA:25,0
DA:26,0
DA:30,0
DA:33,0
DA:34,0
DA:35,0
DA:36,0
DA:37,0
DA:38,0
DA:39,0
DA:40,0
DA:41,0
DA:42,0
DA:43,0
DA:44,0
DA:45,0
DA:46,0
DA:47,0
DA:50,0
DA:51,0
DA:53,0
DA:56,0
DA:57,0
DA:58,0
LF:34
LH:0
end_of_record
SF:lib/data/model/relaxation/relaxation.g.dart
DA:13,0
DA:15,0
DA:16,0
DA:17,0
DA:19,0
DA:20,0
DA:21,0
DA:22,0
DA:23,0
DA:24,0
DA:28,0
DA:31,0
DA:32,0
DA:33,0
DA:34,0
DA:35,0
DA:36,0
DA:37,0
DA:38,0
DA:39,0
DA:40,0
DA:41,0
DA:44,0
DA:45,0
DA:47,0
DA:50,0
DA:51,0
DA:52,0
LF:28
LH:0
end_of_record
SF:lib/data/model/relaxation/relaxation.dart
DA:23,5
DA:32,0
DA:39,0
DA:40,0
DA:41,0
DA:42,0
DA:43,0
DA:44,0
DA:49,12
DA:50,4
DA:51,4
DA:59,4
DA:67,4
DA:75,4
DA:83,4
DA:92,4
DA:93,4
DA:101,4
DA:109,4
DA:117,4
DA:125,4
DA:134,4
DA:135,4
DA:143,4
DA:151,4
DA:159,4
DA:167,4
DA:175,4
LF:28
LH:21
end_of_record
SF:lib/data/model/challenge/challenge.g.dart
DA:13,0
DA:15,0
DA:16,0
DA:17,0
DA:19,0
DA:20,0
DA:21,0
DA:22,0
DA:23,0
DA:24,0
DA:25,0
DA:26,0
DA:27,0
DA:31,0
DA:34,0
DA:35,0
DA:36,0
DA:37,0
DA:38,0
DA:39,0
DA:40,0
DA:41,0
DA:42,0
DA:43,0
DA:44,0
DA:45,0
DA:46,0
DA:47,0
DA:48,0
DA:49,0
DA:50,0
DA:53,0
DA:54,0
DA:56,0
DA:59,0
DA:60,0
DA:61,0
LF:37
LH:0
end_of_record
SF:lib/data/model/challenge/challenge.dart
DA:32,11
DA:44,9
DA:45,54
DA:49,1
DA:59,1
DA:60,1
DA:61,1
DA:62,1
DA:63,1
DA:64,1
DA:65,1
DA:66,0
DA:67,0
DA:72,33
DA:73,11
DA:74,11
DA:81,66
DA:82,66
DA:84,11
DA:91,66
DA:92,66
DA:94,11
DA:101,66
DA:102,66
DA:104,11
DA:111,66
DA:112,66
DA:115,11
DA:116,11
DA:123,66
DA:124,66
DA:126,11
DA:133,66
DA:134,66
DA:136,11
DA:143,66
DA:144,66
DA:146,11
DA:153,66
DA:154,66
DA:157,11
DA:158,11
DA:165,66
DA:166,66
DA:168,11
DA:175,66
DA:176,66
DA:178,11
DA:185,66
DA:186,66
DA:188,11
DA:195,66
DA:196,66
DA:201,24
DA:202,0
LF:55
LH:52
end_of_record
SF:lib/controller/challenge_controller.dart
DA:7,9
DA:8,9
DA:9,27
DA:10,27
DA:11,9
DA:12,1
DA:13,81
DA:18,9
DA:24,9
DA:25,45
DA:26,9
DA:28,72
DA:33,18
DA:35,27
DA:36,18
DA:39,18
DA:40,12
DA:41,8
DA:42,4
DA:43,12
DA:44,16
DA:47,4
DA:54,9
DA:55,36
DA:57,9
DA:58,9
DA:59,9
DA:60,18
DA:63,18
DA:64,9
DA:65,12
DA:67,3
DA:68,9
DA:69,3
DA:70,3
DA:71,3
DA:76,6
LF:37
LH:37
end_of_record
SF:lib/utils/error_logger.dart
DA:3,27
DA:4,9
DA:12,9
DA:15,9
DA:16,9
DA:17,9
DA:18,0
DA:20,9
DA:21,0
DA:25,18
DA:31,0
DA:32,0
DA:35,8
DA:36,8
LF:14
LH:10
end_of_record
SF:lib/utils/date_utils.dart
DA:7,9
DA:8,81
DA:12,1
DA:17,1
DA:18,4
DA:19,1
DA:20,1
DA:21,1
DA:22,2
DA:23,3
DA:24,3
DA:25,6
DA:28,0
DA:29,0
DA:30,0
DA:31,0
DA:32,0
DA:33,0
DA:34,0
DA:35,0
LF:20
LH:12
end_of_record
SF:lib/utils/metrics_tricker.dart
DA:7,8
DA:8,16
DA:9,0
DA:10,72
DA:14,24
LF:5
LH:4
end_of_record
SF:lib/utils/reward_popup.dart
DA:7,0
DA:9,0
DA:11,0
DA:13,0
DA:15,0
DA:18,0
DA:21,0
DA:22,0
DA:23,0
DA:30,0
DA:31,0
LF:11
LH:0
end_of_record
SF:lib/controller/user_progress_controller.dart
DA:8,4
DA:10,4
DA:11,8
DA:13,8
DA:14,12
DA:18,0
DA:22,4
DA:26,0
DA:27,0
DA:29,0
DA:30,0
DA:33,0
DA:37,0
DA:41,0
DA:42,0
DA:43,0
DA:44,0
LF:17
LH:6
end_of_record
SF:lib/controller/journal_controller.dart
DA:16,1
DA:19,1
DA:27,1
DA:28,1
DA:30,1
DA:39,0
DA:40,0
DA:44,0
DA:51,0
DA:53,0
DA:56,0
DA:58,0
DA:59,0
DA:61,0
DA:65,0
DA:67,0
DA:68,0
DA:70,0
DA:76,0
DA:77,0
DA:81,0
DA:85,0
DA:89,0
DA:93,0
DA:95,0
DA:96,0
DA:97,0
DA:98,0
DA:102,0
DA:104,0
DA:105,0
LF:31
LH:5
end_of_record
SF:lib/providers/challenge_provider.dart
DA:7,0
DA:10,0
DA:11,0
DA:12,0
DA:13,0
LF:5
LH:0
end_of_record
SF:lib/controller/insights_controller.dart
DA:7,1
DA:12,1
DA:14,1
DA:16,1
DA:17,0
DA:22,1
DA:23,1
DA:24,0
DA:28,1
DA:29,2
DA:30,5
DA:31,5
DA:32,5
DA:33,5
DA:34,1
DA:35,5
DA:37,3
DA:38,5
DA:40,0
DA:41,0
DA:43,0
DA:44,0
DA:46,0
DA:47,0
DA:49,0
DA:53,1
DA:54,2
DA:56,8
DA:57,3
DA:61,0
DA:63,0
DA:65,0
DA:66,0
DA:68,0
DA:70,0
DA:71,0
DA:75,0
DA:76,0
DA:77,0
DA:78,0
DA:79,0
DA:80,0
DA:81,0
DA:82,0
DA:83,0
DA:84,0
DA:85,0
DA:87,0
DA:89,0
DA:90,0
DA:91,0
DA:93,0
DA:94,0
DA:96,0
DA:97,0
DA:103,0
DA:104,0
DA:105,0
DA:106,0
DA:109,0
DA:110,0
DA:111,0
LF:62
LH:20
end_of_record
